<component name="libraryTable">
  <library name="junit-jupiter-api-5.9.3">
    <CLASSES>
      <root url="jar://C:/java-libs/junit5/junit-jupiter-api-5.9.3.jar!/" />
      <root url="jar://C:/java-libs/junit5/junit-jupiter-engine-5.9.3.jar!/" />
    </CLASSES>
    <JAVADOC />
    <SOURCES />
  </library>
</component>